app/build/intermediates/manifest_merge_blame_file/debug/manifest-merger-blame-debug-report.txt
1<?xml version="1.0" encoding="utf-8"?>
2<manifest xmlns:android="http://schemas.android.com/apk/res/android"
3    package="com.example.snavadogru"
4    android:versionCode="1"
5    android:versionName="1.0" >
6
7    <uses-sdk
8        android:minSdkVersion="19"
8-->src\main\AndroidManifest.xml
9        android:targetSdkVersion="29" />
9-->src\main\AndroidManifest.xml
10
11    <uses-permission android:name="android.permission.CAMERA" />
11-->src\main\AndroidManifest.xml:6:5-65
11-->src\main\AndroidManifest.xml:6:22-62
12    <uses-permission android:name="android.permission.WRITE_EXTERNAL_STORAGE" />
12-->src\main\AndroidManifest.xml:7:5-81
12-->src\main\AndroidManifest.xml:7:22-78
13    <uses-permission android:name="android.permission.READ_EXTERNAL_STORAGE" />
13-->src\main\AndroidManifest.xml:8:5-80
13-->src\main\AndroidManifest.xml:8:22-77
14
15    <!-- Although the *SdkVersion is captured in gradle build files, this is required for non gradle builds -->
16    <!-- <uses-sdk android:minSdkVersion="14"/> -->
17    <uses-permission android:name="android.permission.ACCESS_NETWORK_STATE" />
17-->[com.google.firebase:firebase-database:17.0.0] AndroidManifest.xml:25:5-79
17-->[com.google.firebase:firebase-database:17.0.0] AndroidManifest.xml:25:22-76
18    <uses-permission android:name="android.permission.INTERNET" /> <!-- Create a unique permission for your app and use it so only your app can receive your OneSignal messages. -->
18-->[com.google.firebase:firebase-database:17.0.0] AndroidManifest.xml:26:5-67
18-->[com.google.firebase:firebase-database:17.0.0] AndroidManifest.xml:26:22-64
19    <permission
19-->[com.onesignal:OneSignal:3.11.2] AndroidManifest.xml:7:5-9:47
20        android:name="com.example.snavadogru.permission.C2D_MESSAGE"
20-->[com.onesignal:OneSignal:3.11.2] AndroidManifest.xml:8:9-63
21        android:protectionLevel="signature" />
21-->[com.onesignal:OneSignal:3.11.2] AndroidManifest.xml:9:9-44
22
23    <uses-permission android:name="com.example.snavadogru.permission.C2D_MESSAGE" />
23-->[com.onesignal:OneSignal:3.11.2] AndroidManifest.xml:11:5-79
23-->[com.onesignal:OneSignal:3.11.2] AndroidManifest.xml:11:22-76
24    <uses-permission android:name="com.google.android.c2dm.permission.RECEIVE" /> <!-- Required, makes sure notifications are delivered on time. -->
24-->[com.onesignal:OneSignal:3.11.2] AndroidManifest.xml:17:5-82
24-->[com.onesignal:OneSignal:3.11.2] AndroidManifest.xml:17:22-79
25    <uses-permission android:name="android.permission.WAKE_LOCK" />
25-->[com.onesignal:OneSignal:3.11.2] AndroidManifest.xml:18:5-68
25-->[com.onesignal:OneSignal:3.11.2] AndroidManifest.xml:18:22-65
26    <!--
27 Required so the device vibrates on receiving a push notification.
28         Vibration settings of the device still apply.
29    -->
30    <uses-permission android:name="android.permission.VIBRATE" />
30-->[com.onesignal:OneSignal:3.11.2] AndroidManifest.xml:23:5-66
30-->[com.onesignal:OneSignal:3.11.2] AndroidManifest.xml:23:22-63
31    <!--
32 Use to restore notifications the user hasn't interacted with.
33         They could be missed notifications if the user reboots their device if this isn't in place.
34    -->
35    <uses-permission android:name="android.permission.RECEIVE_BOOT_COMPLETED" /> <!-- START: ShortcutBadger -->
35-->[com.onesignal:OneSignal:3.11.2] AndroidManifest.xml:29:5-81
35-->[com.onesignal:OneSignal:3.11.2] AndroidManifest.xml:29:22-78
36    <!-- Samsung -->
37    <uses-permission android:name="com.sec.android.provider.badge.permission.READ" />
37-->[com.onesignal:OneSignal:3.11.2] AndroidManifest.xml:31:5-86
37-->[com.onesignal:OneSignal:3.11.2] AndroidManifest.xml:31:22-83
38    <uses-permission android:name="com.sec.android.provider.badge.permission.WRITE" /> <!-- HTC -->
38-->[com.onesignal:OneSignal:3.11.2] AndroidManifest.xml:32:5-87
38-->[com.onesignal:OneSignal:3.11.2] AndroidManifest.xml:32:22-84
39    <uses-permission android:name="com.htc.launcher.permission.READ_SETTINGS" />
39-->[com.onesignal:OneSignal:3.11.2] AndroidManifest.xml:33:5-81
39-->[com.onesignal:OneSignal:3.11.2] AndroidManifest.xml:33:22-78
40    <uses-permission android:name="com.htc.launcher.permission.UPDATE_SHORTCUT" /> <!-- Sony -->
40-->[com.onesignal:OneSignal:3.11.2] AndroidManifest.xml:34:5-83
40-->[com.onesignal:OneSignal:3.11.2] AndroidManifest.xml:34:22-80
41    <uses-permission android:name="com.sonyericsson.home.permission.BROADCAST_BADGE" />
41-->[com.onesignal:OneSignal:3.11.2] AndroidManifest.xml:35:5-88
41-->[com.onesignal:OneSignal:3.11.2] AndroidManifest.xml:35:22-85
42    <uses-permission android:name="com.sonymobile.home.permission.PROVIDER_INSERT_BADGE" /> <!-- Apex -->
42-->[com.onesignal:OneSignal:3.11.2] AndroidManifest.xml:36:5-92
42-->[com.onesignal:OneSignal:3.11.2] AndroidManifest.xml:36:22-89
43    <uses-permission android:name="com.anddoes.launcher.permission.UPDATE_COUNT" /> <!-- Solid -->
43-->[com.onesignal:OneSignal:3.11.2] AndroidManifest.xml:37:5-84
43-->[com.onesignal:OneSignal:3.11.2] AndroidManifest.xml:37:22-81
44    <uses-permission android:name="com.majeur.launcher.permission.UPDATE_BADGE" /> <!-- Huawei -->
44-->[com.onesignal:OneSignal:3.11.2] AndroidManifest.xml:38:5-83
44-->[com.onesignal:OneSignal:3.11.2] AndroidManifest.xml:38:22-80
45    <uses-permission android:name="com.huawei.android.launcher.permission.CHANGE_BADGE" />
45-->[com.onesignal:OneSignal:3.11.2] AndroidManifest.xml:39:5-91
45-->[com.onesignal:OneSignal:3.11.2] AndroidManifest.xml:39:22-88
46    <uses-permission android:name="com.huawei.android.launcher.permission.READ_SETTINGS" />
46-->[com.onesignal:OneSignal:3.11.2] AndroidManifest.xml:40:5-92
46-->[com.onesignal:OneSignal:3.11.2] AndroidManifest.xml:40:22-89
47    <uses-permission android:name="com.huawei.android.launcher.permission.WRITE_SETTINGS" /> <!-- ZUK -->
47-->[com.onesignal:OneSignal:3.11.2] AndroidManifest.xml:41:5-93
47-->[com.onesignal:OneSignal:3.11.2] AndroidManifest.xml:41:22-90
48    <uses-permission android:name="android.permission.READ_APP_BADGE" /> <!-- OPPO -->
48-->[com.onesignal:OneSignal:3.11.2] AndroidManifest.xml:42:5-73
48-->[com.onesignal:OneSignal:3.11.2] AndroidManifest.xml:42:22-70
49    <uses-permission android:name="com.oppo.launcher.permission.READ_SETTINGS" />
49-->[com.onesignal:OneSignal:3.11.2] AndroidManifest.xml:43:5-82
49-->[com.onesignal:OneSignal:3.11.2] AndroidManifest.xml:43:22-79
50    <uses-permission android:name="com.oppo.launcher.permission.WRITE_SETTINGS" /> <!-- EvMe -->
50-->[com.onesignal:OneSignal:3.11.2] AndroidManifest.xml:44:5-83
50-->[com.onesignal:OneSignal:3.11.2] AndroidManifest.xml:44:22-80
51    <uses-permission android:name="me.everything.badger.permission.BADGE_COUNT_READ" />
51-->[com.onesignal:OneSignal:3.11.2] AndroidManifest.xml:45:5-88
51-->[com.onesignal:OneSignal:3.11.2] AndroidManifest.xml:45:22-85
52    <uses-permission android:name="me.everything.badger.permission.BADGE_COUNT_WRITE" />
52-->[com.onesignal:OneSignal:3.11.2] AndroidManifest.xml:46:5-89
52-->[com.onesignal:OneSignal:3.11.2] AndroidManifest.xml:46:22-86
53    <uses-permission android:name="com.google.android.finsky.permission.BIND_GET_INSTALL_REFERRER_SERVICE" />
53-->[com.google.android.gms:play-services-measurement:17.2.2] AndroidManifest.xml:26:5-110
53-->[com.google.android.gms:play-services-measurement:17.2.2] AndroidManifest.xml:26:22-107
54
55    <application
55-->src\main\AndroidManifest.xml:9:5-43:19
56        android:allowBackup="true"
56-->src\main\AndroidManifest.xml:10:9-35
57        android:appComponentFactory="androidx.core.app.CoreComponentFactory"
57-->[androidx.core:core:1.1.0] AndroidManifest.xml:24:18-86
58        android:debuggable="true"
59        android:icon="@mipmap/ic_launcher"
59-->src\main\AndroidManifest.xml:11:9-43
60        android:label="@string/app_name"
60-->src\main\AndroidManifest.xml:12:9-41
61        android:roundIcon="@mipmap/ic_launcher_round"
61-->src\main\AndroidManifest.xml:13:9-54
62        android:supportsRtl="true"
62-->src\main\AndroidManifest.xml:14:9-35
63        android:testOnly="true"
64        android:theme="@style/AppTheme" >
64-->src\main\AndroidManifest.xml:15:9-40
65        <activity android:name="com.example.snavadogru.KonuTakip.GelisimKonu" />
65-->src\main\AndroidManifest.xml:16:9-68
65-->src\main\AndroidManifest.xml:16:19-56
66        <activity android:name="com.example.snavadogru.KonuTakip.aytKonu" />
66-->src\main\AndroidManifest.xml:17:9-55
66-->src\main\AndroidManifest.xml:17:19-52
67        <activity android:name="com.example.snavadogru.KonuTakip.tytKonu" />
67-->src\main\AndroidManifest.xml:18:9-55
67-->src\main\AndroidManifest.xml:18:19-52
68        <activity android:name="com.example.snavadogru.Camera.CameraActivity" />
68-->src\main\AndroidManifest.xml:19:9-59
68-->src\main\AndroidManifest.xml:19:19-56
69        <activity android:name="com.example.snavadogru.Camera.ShowPicturesActivity" />
69-->src\main\AndroidManifest.xml:20:9-65
69-->src\main\AndroidManifest.xml:20:19-62
70        <activity android:name="com.example.snavadogru.Camera.ViewImage" />
70-->src\main\AndroidManifest.xml:21:9-54
70-->src\main\AndroidManifest.xml:21:19-51
71        <activity
71-->src\main\AndroidManifest.xml:22:9-25:59
72            android:name="com.example.snavadogru.KonuTakip.Konu_takip"
72-->src\main\AndroidManifest.xml:23:13-49
73            android:label="@string/title_activity_konu_takip"
73-->src\main\AndroidManifest.xml:24:13-62
74            android:theme="@style/AppTheme.NoActionBar" />
74-->src\main\AndroidManifest.xml:25:13-56
75        <activity
75-->src\main\AndroidManifest.xml:26:9-29:59
76            android:name="com.example.snavadogru.Camera.SORULAR"
76-->src\main\AndroidManifest.xml:27:13-43
77            android:label="@string/title_activity_takip_alanlari"
77-->src\main\AndroidManifest.xml:28:13-66
78            android:theme="@style/AppTheme.NoActionBar" />
78-->src\main\AndroidManifest.xml:29:13-56
79        <activity android:name="com.example.snavadogru.KENDİNİDENE" />
79-->src\main\AndroidManifest.xml:30:9-49
79-->src\main\AndroidManifest.xml:30:19-46
80        <activity android:name="com.example.snavadogru.KonuTakip.Analiz" />
80-->src\main\AndroidManifest.xml:31:9-54
80-->src\main\AndroidManifest.xml:31:19-51
81        <activity android:name="com.example.snavadogru.PUAN" />
81-->src\main\AndroidManifest.xml:32:9-42
81-->src\main\AndroidManifest.xml:32:19-39
82        <activity android:name="com.example.snavadogru.REHBERLİK" />
82-->src\main\AndroidManifest.xml:33:9-47
82-->src\main\AndroidManifest.xml:33:19-44
83        <activity android:name="com.example.snavadogru.SSS" />
83-->src\main\AndroidManifest.xml:34:9-41
83-->src\main\AndroidManifest.xml:34:19-38
84        <activity android:name="com.example.snavadogru.Options" />
84-->src\main\AndroidManifest.xml:35:9-45
84-->src\main\AndroidManifest.xml:35:19-42
85        <activity android:name="com.example.snavadogru.FirstScreen.MainActivity" >
85-->src\main\AndroidManifest.xml:36:9-42:20
85-->src\main\AndroidManifest.xml:36:19-59
86            <intent-filter>
86-->src\main\AndroidManifest.xml:37:13-41:29
87                <action android:name="android.intent.action.MAIN" />
87-->src\main\AndroidManifest.xml:38:17-69
87-->src\main\AndroidManifest.xml:38:25-66
88
89                <category android:name="android.intent.category.LAUNCHER" />
89-->src\main\AndroidManifest.xml:40:17-77
89-->src\main\AndroidManifest.xml:40:27-74
90            </intent-filter>
91        </activity>
92
93        <service
93-->[com.google.firebase:firebase-database:17.0.0] AndroidManifest.xml:29:9-33:19
94            android:name="com.google.firebase.components.ComponentDiscoveryService"
94-->[com.google.firebase:firebase-database:17.0.0] AndroidManifest.xml:29:18-89
95            android:directBootAware="true"
95-->[com.google.firebase:firebase-common:19.3.0] AndroidManifest.xml:34:13-43
96            android:exported="false" >
96-->[com.google.android.gms:play-services-measurement-api:17.2.2] AndroidManifest.xml:29:13-37
97            <meta-data
97-->[com.google.firebase:firebase-database:17.0.0] AndroidManifest.xml:30:13-32:85
98                android:name="com.google.firebase.components:com.google.firebase.database.DatabaseRegistrar"
98-->[com.google.firebase:firebase-database:17.0.0] AndroidManifest.xml:31:17-109
99                android:value="com.google.firebase.components.ComponentRegistrar" />
99-->[com.google.firebase:firebase-database:17.0.0] AndroidManifest.xml:32:17-82
100            <meta-data
100-->[com.google.android.gms:play-services-measurement-api:17.2.2] AndroidManifest.xml:30:13-32:85
101                android:name="com.google.firebase.components:com.google.firebase.analytics.connector.internal.AnalyticsConnectorRegistrar"
101-->[com.google.android.gms:play-services-measurement-api:17.2.2] AndroidManifest.xml:31:17-139
102                android:value="com.google.firebase.components.ComponentRegistrar" />
102-->[com.google.android.gms:play-services-measurement-api:17.2.2] AndroidManifest.xml:32:17-82
103            <meta-data
103-->[com.google.firebase:firebase-iid:20.0.2] AndroidManifest.xml:32:13-34:85
104                android:name="com.google.firebase.components:com.google.firebase.iid.Registrar"
104-->[com.google.firebase:firebase-iid:20.0.2] AndroidManifest.xml:33:17-96
105                android:value="com.google.firebase.components.ComponentRegistrar" />
105-->[com.google.firebase:firebase-iid:20.0.2] AndroidManifest.xml:34:17-82
106        </service>
107
108        <meta-data
108-->[com.onesignal:OneSignal:3.11.2] AndroidManifest.xml:49:9-51:51
109            android:name="onesignal_app_id"
109-->[com.onesignal:OneSignal:3.11.2] AndroidManifest.xml:50:13-44
110            android:value="d27f1b8a-eeaa-453c-a02f-10aedfc5f68c" /> <!-- Deprecated - Pulled from OneSignal dashboard. -->
110-->[com.onesignal:OneSignal:3.11.2] AndroidManifest.xml:51:13-48
111        <meta-data
111-->[com.onesignal:OneSignal:3.11.2] AndroidManifest.xml:53:9-55:70
112            android:name="onesignal_google_project_number"
112-->[com.onesignal:OneSignal:3.11.2] AndroidManifest.xml:54:13-59
113            android:value="str:REMOTE" />
113-->[com.onesignal:OneSignal:3.11.2] AndroidManifest.xml:55:13-67
114
115        <receiver
115-->[com.onesignal:OneSignal:3.11.2] AndroidManifest.xml:57:9-67:20
116            android:name="com.onesignal.GcmBroadcastReceiver"
116-->[com.onesignal:OneSignal:3.11.2] AndroidManifest.xml:58:13-62
117            android:permission="com.google.android.c2dm.permission.SEND" >
117-->[com.onesignal:OneSignal:3.11.2] AndroidManifest.xml:59:13-73
118
119            <!-- High priority so OneSignal payloads can be filtered from other GCM receivers if filterOtherGCMReceivers is enabled. -->
120            <intent-filter android:priority="999" >
120-->[com.onesignal:OneSignal:3.11.2] AndroidManifest.xml:62:13-66:29
120-->[com.onesignal:OneSignal:3.11.2] AndroidManifest.xml:62:28-50
121                <action android:name="com.google.android.c2dm.intent.RECEIVE" />
121-->[com.onesignal:OneSignal:3.11.2] AndroidManifest.xml:63:17-81
121-->[com.onesignal:OneSignal:3.11.2] AndroidManifest.xml:63:25-78
122
123                <category android:name="com.example.snavadogru" />
123-->[com.onesignal:OneSignal:3.11.2] AndroidManifest.xml:65:17-61
123-->[com.onesignal:OneSignal:3.11.2] AndroidManifest.xml:65:27-58
124            </intent-filter>
125        </receiver>
126        <receiver android:name="com.onesignal.NotificationOpenedReceiver" />
126-->[com.onesignal:OneSignal:3.11.2] AndroidManifest.xml:68:9-77
126-->[com.onesignal:OneSignal:3.11.2] AndroidManifest.xml:68:19-74
127
128        <service android:name="com.onesignal.GcmIntentService" />
128-->[com.onesignal:OneSignal:3.11.2] AndroidManifest.xml:70:9-66
128-->[com.onesignal:OneSignal:3.11.2] AndroidManifest.xml:70:18-63
129        <service
129-->[com.onesignal:OneSignal:3.11.2] AndroidManifest.xml:71:9-73:72
130            android:name="com.onesignal.GcmIntentJobService"
130-->[com.onesignal:OneSignal:3.11.2] AndroidManifest.xml:72:13-61
131            android:permission="android.permission.BIND_JOB_SERVICE" />
131-->[com.onesignal:OneSignal:3.11.2] AndroidManifest.xml:73:13-69
132        <service
132-->[com.onesignal:OneSignal:3.11.2] AndroidManifest.xml:74:9-76:72
133            android:name="com.onesignal.RestoreJobService"
133-->[com.onesignal:OneSignal:3.11.2] AndroidManifest.xml:75:13-59
134            android:permission="android.permission.BIND_JOB_SERVICE" />
134-->[com.onesignal:OneSignal:3.11.2] AndroidManifest.xml:76:13-69
135        <service
135-->[com.onesignal:OneSignal:3.11.2] AndroidManifest.xml:77:9-79:72
136            android:name="com.onesignal.RestoreKickoffJobService"
136-->[com.onesignal:OneSignal:3.11.2] AndroidManifest.xml:78:13-66
137            android:permission="android.permission.BIND_JOB_SERVICE" />
137-->[com.onesignal:OneSignal:3.11.2] AndroidManifest.xml:79:13-69
138        <service
138-->[com.onesignal:OneSignal:3.11.2] AndroidManifest.xml:80:9-82:43
139            android:name="com.onesignal.SyncService"
139-->[com.onesignal:OneSignal:3.11.2] AndroidManifest.xml:81:13-53
140            android:stopWithTask="true" />
140-->[com.onesignal:OneSignal:3.11.2] AndroidManifest.xml:82:13-40
141        <service
141-->[com.onesignal:OneSignal:3.11.2] AndroidManifest.xml:83:9-85:72
142            android:name="com.onesignal.SyncJobService"
142-->[com.onesignal:OneSignal:3.11.2] AndroidManifest.xml:84:13-56
143            android:permission="android.permission.BIND_JOB_SERVICE" />
143-->[com.onesignal:OneSignal:3.11.2] AndroidManifest.xml:85:13-69
144
145        <activity
145-->[com.onesignal:OneSignal:3.11.2] AndroidManifest.xml:87:9-89:75
146            android:name="com.onesignal.PermissionsActivity"
146-->[com.onesignal:OneSignal:3.11.2] AndroidManifest.xml:88:13-61
147            android:theme="@android:style/Theme.Translucent.NoTitleBar" />
147-->[com.onesignal:OneSignal:3.11.2] AndroidManifest.xml:89:13-72
148
149        <service android:name="com.onesignal.NotificationRestoreService" />
149-->[com.onesignal:OneSignal:3.11.2] AndroidManifest.xml:91:9-76
149-->[com.onesignal:OneSignal:3.11.2] AndroidManifest.xml:91:18-73
150
151        <receiver android:name="com.onesignal.BootUpReceiver" >
151-->[com.onesignal:OneSignal:3.11.2] AndroidManifest.xml:93:9-98:20
151-->[com.onesignal:OneSignal:3.11.2] AndroidManifest.xml:93:19-62
152            <intent-filter>
152-->[com.onesignal:OneSignal:3.11.2] AndroidManifest.xml:94:13-97:29
153                <action android:name="android.intent.action.BOOT_COMPLETED" />
153-->[com.onesignal:OneSignal:3.11.2] AndroidManifest.xml:95:17-79
153-->[com.onesignal:OneSignal:3.11.2] AndroidManifest.xml:95:25-76
154                <action android:name="android.intent.action.QUICKBOOT_POWERON" />
154-->[com.onesignal:OneSignal:3.11.2] AndroidManifest.xml:96:17-82
154-->[com.onesignal:OneSignal:3.11.2] AndroidManifest.xml:96:25-79
155            </intent-filter>
156        </receiver>
157        <receiver android:name="com.onesignal.UpgradeReceiver" >
157-->[com.onesignal:OneSignal:3.11.2] AndroidManifest.xml:99:9-103:20
157-->[com.onesignal:OneSignal:3.11.2] AndroidManifest.xml:99:19-63
158            <intent-filter>
158-->[com.onesignal:OneSignal:3.11.2] AndroidManifest.xml:100:13-102:29
159                <action android:name="android.intent.action.MY_PACKAGE_REPLACED" />
159-->[com.onesignal:OneSignal:3.11.2] AndroidManifest.xml:101:17-84
159-->[com.onesignal:OneSignal:3.11.2] AndroidManifest.xml:101:25-81
160            </intent-filter>
161        </receiver>
162        <receiver
162-->[com.google.android.gms:play-services-measurement:17.2.2] AndroidManifest.xml:29:9-33:20
163            android:name="com.google.android.gms.measurement.AppMeasurementReceiver"
163-->[com.google.android.gms:play-services-measurement:17.2.2] AndroidManifest.xml:30:13-85
164            android:enabled="true"
164-->[com.google.android.gms:play-services-measurement:17.2.2] AndroidManifest.xml:31:13-35
165            android:exported="false" >
165-->[com.google.android.gms:play-services-measurement:17.2.2] AndroidManifest.xml:32:13-37
166        </receiver>
167        <receiver
167-->[com.google.android.gms:play-services-measurement:17.2.2] AndroidManifest.xml:34:9-42:20
168            android:name="com.google.android.gms.measurement.AppMeasurementInstallReferrerReceiver"
168-->[com.google.android.gms:play-services-measurement:17.2.2] AndroidManifest.xml:35:13-100
169            android:enabled="true"
169-->[com.google.android.gms:play-services-measurement:17.2.2] AndroidManifest.xml:36:13-35
170            android:exported="true"
170-->[com.google.android.gms:play-services-measurement:17.2.2] AndroidManifest.xml:37:13-36
171            android:permission="android.permission.INSTALL_PACKAGES" >
171-->[com.google.android.gms:play-services-measurement:17.2.2] AndroidManifest.xml:38:13-69
172            <intent-filter>
172-->[com.google.android.gms:play-services-measurement:17.2.2] AndroidManifest.xml:39:13-41:29
173                <action android:name="com.android.vending.INSTALL_REFERRER" />
173-->[com.google.android.gms:play-services-measurement:17.2.2] AndroidManifest.xml:40:17-79
173-->[com.google.android.gms:play-services-measurement:17.2.2] AndroidManifest.xml:40:25-76
174            </intent-filter>
175        </receiver>
176
177        <service
177-->[com.google.android.gms:play-services-measurement:17.2.2] AndroidManifest.xml:44:9-47:40
178            android:name="com.google.android.gms.measurement.AppMeasurementService"
178-->[com.google.android.gms:play-services-measurement:17.2.2] AndroidManifest.xml:45:13-84
179            android:enabled="true"
179-->[com.google.android.gms:play-services-measurement:17.2.2] AndroidManifest.xml:46:13-35
180            android:exported="false" />
180-->[com.google.android.gms:play-services-measurement:17.2.2] AndroidManifest.xml:47:13-37
181        <service
181-->[com.google.android.gms:play-services-measurement:17.2.2] AndroidManifest.xml:48:9-52:72
182            android:name="com.google.android.gms.measurement.AppMeasurementJobService"
182-->[com.google.android.gms:play-services-measurement:17.2.2] AndroidManifest.xml:49:13-87
183            android:enabled="true"
183-->[com.google.android.gms:play-services-measurement:17.2.2] AndroidManifest.xml:50:13-35
184            android:exported="false"
184-->[com.google.android.gms:play-services-measurement:17.2.2] AndroidManifest.xml:51:13-37
185            android:permission="android.permission.BIND_JOB_SERVICE" />
185-->[com.google.android.gms:play-services-measurement:17.2.2] AndroidManifest.xml:52:13-69
186        <!--
187             FirebaseMessagingService performs security checks at runtime,
188             no need for explicit permissions despite exported="true"
189        -->
190        <service
190-->[com.google.firebase:firebase-messaging:12.0.1] AndroidManifest.xml:28:9-34:19
191            android:name="com.google.firebase.messaging.FirebaseMessagingService"
191-->[com.google.firebase:firebase-messaging:12.0.1] AndroidManifest.xml:29:13-82
192            android:exported="true" >
192-->[com.google.firebase:firebase-messaging:12.0.1] AndroidManifest.xml:30:13-36
193            <intent-filter android:priority="-500" >
193-->[com.google.firebase:firebase-messaging:12.0.1] AndroidManifest.xml:31:13-33:29
193-->[com.google.firebase:firebase-messaging:12.0.1] AndroidManifest.xml:31:28-51
194                <action android:name="com.google.firebase.MESSAGING_EVENT" />
194-->[com.google.firebase:firebase-messaging:12.0.1] AndroidManifest.xml:32:17-78
194-->[com.google.firebase:firebase-messaging:12.0.1] AndroidManifest.xml:32:25-75
195            </intent-filter>
196        </service>
197
198        <receiver
198-->[com.google.firebase:firebase-iid:20.0.2] AndroidManifest.xml:37:9-44:20
199            android:name="com.google.firebase.iid.FirebaseInstanceIdReceiver"
199-->[com.google.firebase:firebase-iid:20.0.2] AndroidManifest.xml:38:13-78
200            android:exported="true"
200-->[com.google.firebase:firebase-iid:20.0.2] AndroidManifest.xml:39:13-36
201            android:permission="com.google.android.c2dm.permission.SEND" >
201-->[com.google.firebase:firebase-iid:20.0.2] AndroidManifest.xml:40:13-73
202            <intent-filter>
202-->[com.google.firebase:firebase-iid:20.0.2] AndroidManifest.xml:41:13-43:29
203                <action android:name="com.google.android.c2dm.intent.RECEIVE" />
203-->[com.onesignal:OneSignal:3.11.2] AndroidManifest.xml:63:17-81
203-->[com.onesignal:OneSignal:3.11.2] AndroidManifest.xml:63:25-78
204            </intent-filter>
205        </receiver>
206
207        <provider
207-->[com.google.firebase:firebase-common:19.3.0] AndroidManifest.xml:26:9-30:39
208            android:name="com.google.firebase.provider.FirebaseInitProvider"
208-->[com.google.firebase:firebase-common:19.3.0] AndroidManifest.xml:27:13-77
209            android:authorities="com.example.snavadogru.firebaseinitprovider"
209-->[com.google.firebase:firebase-common:19.3.0] AndroidManifest.xml:28:13-72
210            android:exported="false"
210-->[com.google.firebase:firebase-common:19.3.0] AndroidManifest.xml:29:13-37
211            android:initOrder="100" />
211-->[com.google.firebase:firebase-common:19.3.0] AndroidManifest.xml:30:13-36
212
213        <activity
213-->[com.google.android.gms:play-services-base:17.0.0] AndroidManifest.xml:23:9-26:75
214            android:name="com.google.android.gms.common.api.GoogleApiActivity"
214-->[com.google.android.gms:play-services-base:17.0.0] AndroidManifest.xml:24:13-79
215            android:exported="false"
215-->[com.google.android.gms:play-services-base:17.0.0] AndroidManifest.xml:25:13-37
216            android:theme="@android:style/Theme.Translucent.NoTitleBar" />
216-->[com.google.android.gms:play-services-base:17.0.0] AndroidManifest.xml:26:13-72
217
218        <meta-data
218-->[com.google.android.gms:play-services-basement:17.0.0] AndroidManifest.xml:23:9-25:69
219            android:name="com.google.android.gms.version"
219-->[com.google.android.gms:play-services-basement:17.0.0] AndroidManifest.xml:24:13-58
220            android:value="@integer/google_play_services_version" />
220-->[com.google.android.gms:play-services-basement:17.0.0] AndroidManifest.xml:25:13-66
221
222        <provider
222-->[androidx.lifecycle:lifecycle-process:2.2.0] AndroidManifest.xml:25:9-29:43
223            android:name="androidx.lifecycle.ProcessLifecycleOwnerInitializer"
223-->[androidx.lifecycle:lifecycle-process:2.2.0] AndroidManifest.xml:26:13-79
224            android:authorities="com.example.snavadogru.lifecycle-process"
224-->[androidx.lifecycle:lifecycle-process:2.2.0] AndroidManifest.xml:27:13-69
225            android:exported="false"
225-->[androidx.lifecycle:lifecycle-process:2.2.0] AndroidManifest.xml:28:13-37
226            android:multiprocess="true" />
226-->[androidx.lifecycle:lifecycle-process:2.2.0] AndroidManifest.xml:29:13-40
227    </application>
228
229</manifest>